TN:
SF:src/checkout.ts
FN:15,(anonymous_0)
FN:20,(anonymous_1)
FN:30,(anonymous_2)
FNF:3
FNH:3
FNDA:6,(anonymous_0)
FNDA:21,(anonymous_1)
FNDA:4,(anonymous_2)
DA:2,1
DA:4,1
DA:5,1
DA:6,1
DA:7,1
DA:8,1
DA:9,1
DA:12,1
DA:16,6
DA:17,6
DA:21,21
DA:22,19
DA:23,19
DA:26,2
DA:31,4
DA:32,4
DA:33,4
DA:34,3
DA:35,6
DA:36,2
DA:37,2
DA:38,2
DA:39,2
DA:40,2
DA:41,2
DA:43,4
DA:44,1
DA:45,1
DA:46,1
DA:49,3
DA:50,3
DA:53,3
DA:57,0
DA:59,1
DA:63,1
DA:64,1
DA:65,1
DA:66,1
DA:67,1
DA:68,1
DA:69,1
DA:70,1
DA:71,1
DA:72,1
LF:44
LH:43
BRDA:21,0,0,19
BRDA:21,0,1,2
BRDA:22,1,0,19
BRDA:22,1,1,6
BRDA:33,2,0,3
BRDA:35,3,0,2
BRDA:35,3,1,4
BRDA:35,4,0,6
BRDA:35,4,1,3
BRDA:43,5,0,1
BRDA:43,5,1,3
BRDA:43,6,0,4
BRDA:43,6,1,2
BRF:13
BRH:13
end_of_record
TN:
SF:src/pricingRules.ts
FN:4,(anonymous_0)
FN:8,(anonymous_1)
FN:12,(anonymous_2)
FN:15,(anonymous_3)
FNF:4
FNH:4
FNDA:2,(anonymous_0)
FNDA:25,(anonymous_1)
FNDA:1,(anonymous_2)
FNDA:35,(anonymous_3)
DA:1,1
DA:5,2
DA:9,25
DA:13,1
DA:16,35
LF:5
LH:5
BRF:0
BRH:0
end_of_record
